<?xml version="1.0" encoding="UTF-8"?>
<!-- Generated by org.testng.reporters.JUnitReportReporter -->
<testsuite skipped="0" hostname="LIN39000179" name="TestNGPreparation.LoginPageTest" tests="2" failures="0" timestamp="23 Mar 2020 09:15:36 GMT" time="22.009" errors="0">
  <testcase name="signUpLinkTest" time="11.683" classname="TestNGPreparation.LoginPageTest"/>
  <testcase name="loginPageTitleTest" time="10.326" classname="TestNGPreparation.LoginPageTest"/>
</testsuite> <!-- TestNGPreparation.LoginPageTest -->
