<?xml version="1.0" encoding="UTF-8"?>
<!-- Generated by org.testng.reporters.JUnitReportReporter -->
<testsuite skipped="0" hostname="LIN39000179" name="TestNGPreparation.PriorityTest" tests="5" failures="0" timestamp="23 Mar 2020 06:09:50 GMT" time="0.038" errors="0">
  <testcase name="test5" time="0.025" classname="TestNGPreparation.PriorityTest"/>
  <testcase name="test3" time="0.003" classname="TestNGPreparation.PriorityTest"/>
  <testcase name="test4" time="0.003" classname="TestNGPreparation.PriorityTest"/>
  <testcase name="test2" time="0.006" classname="TestNGPreparation.PriorityTest"/>
  <testcase name="test1" time="0.001" classname="TestNGPreparation.PriorityTest"/>
</testsuite> <!-- TestNGPreparation.PriorityTest -->
