<?xml version="1.0" encoding="UTF-8"?>
<!-- Generated by org.testng.reporters.JUnitReportReporter -->
<testsuite skipped="0" hostname="LIN39000179" name="TestNGPreparation.InvocationCountConcept" tests="10" failures="0" timestamp="23 Mar 2020 06:31:55 GMT" time="0.083" errors="0">
  <testcase name="createUser" time="0.008" classname="TestNGPreparation.InvocationCountConcept"/>
  <testcase name="createUser" time="0.017" classname="TestNGPreparation.InvocationCountConcept"/>
  <testcase name="createUser" time="0.010" classname="TestNGPreparation.InvocationCountConcept"/>
  <testcase name="createUser" time="0.003" classname="TestNGPreparation.InvocationCountConcept"/>
  <testcase name="createUser" time="0.011" classname="TestNGPreparation.InvocationCountConcept"/>
  <testcase name="createUser" time="0.013" classname="TestNGPreparation.InvocationCountConcept"/>
  <testcase name="createUser" time="0.003" classname="TestNGPreparation.InvocationCountConcept"/>
  <testcase name="createUser" time="0.003" classname="TestNGPreparation.InvocationCountConcept"/>
  <testcase name="createUser" time="0.012" classname="TestNGPreparation.InvocationCountConcept"/>
  <testcase name="createUser" time="0.003" classname="TestNGPreparation.InvocationCountConcept"/>
</testsuite> <!-- TestNGPreparation.InvocationCountConcept -->
