<?xml version="1.0" encoding="UTF-8"?>
<!-- Generated by org.testng.reporters.JUnitReportReporter -->
<testsuite skipped="1" hostname="LIN39000179" name="TestNGPreparation.LoginTest" tests="2" failures="0" timestamp="10 Mar 2020 08:18:36 GMT" time="9.856" errors="0">
  <testcase name="signUpLinkTest" time="9.856" classname="TestNGPreparation.LoginTest"/>
  <testcase name="loginTest" classname="TestNGPreparation.LoginTest">
    <skipped/>
  </testcase> <!-- loginTest -->
</testsuite> <!-- TestNGPreparation.LoginTest -->
