<?xml version="1.0" encoding="UTF-8"?>
<!-- Generated by org.testng.reporters.JUnitReportReporter -->
<testsuite skipped="0" hostname="LIN39000179" name="TestNGPreparation.ExpectedExceptionConcept" tests="1" failures="0" timestamp="23 Mar 2020 06:24:51 GMT" time="0.028" errors="0">
  <testcase name="loginTest" time="0.028" classname="TestNGPreparation.ExpectedExceptionConcept"/>
</testsuite> <!-- TestNGPreparation.ExpectedExceptionConcept -->
